{"/home/runner/work/swipe-keyboard/swipe-keyboard/scripts/testMock.js": {"path":"/home/runner/work/swipe-keyboard/swipe-keyboard/scripts/testMock.js","statementMap":{"0":{"start":{"line":1,"column":0},"end":{"line":1,"column":20}}},"fnMap":{},"branchMap":{},"s":{"0":1},"f":{},"b":{},"_coverageSchema":"43e27e138ebf9cfc5966b082cf9a028302ed4184","hash":"c579461d77014770a8668104c91306af065c90e1"}
,"/home/runner/work/swipe-keyboard/swipe-keyboard/src/canvas.js": {"path":"/home/runner/work/swipe-keyboard/swipe-keyboard/src/canvas.js","statementMap":{"0":{"start":{"line":2,"column":9},"end":{"line":14,"column":3}},"1":{"start":{"line":3,"column":4},"end":{"line":3,"column":27}},"2":{"start":{"line":4,"column":4},"end":{"line":4,"column":27}},"3":{"start":{"line":6,"column":21},"end":{"line":6,"column":53}},"4":{"start":{"line":7,"column":4},"end":{"line":7,"column":48}},"5":{"start":{"line":8,"column":4},"end":{"line":8,"column":31}},"6":{"start":{"line":9,"column":4},"end":{"line":9,"column":32}},"7":{"start":{"line":11,"column":4},"end":{"line":11,"column":58}},"8":{"start":{"line":12,"column":4},"end":{"line":12,"column":64}},"9":{"start":{"line":13,"column":4},"end":{"line":13,"column":44}},"10":{"start":{"line":16,"column":10},"end":{"line":18,"column":3}},"11":{"start":{"line":17,"column":4},"end":{"line":17,"column":57}},"12":{"start":{"line":20,"column":9},"end":{"line":28,"column":3}},"13":{"start":{"line":21,"column":4},"end":{"line":21,"column":25}},"14":{"start":{"line":22,"column":4},"end":{"line":22,"column":34}},"15":{"start":{"line":23,"column":4},"end":{"line":23,"column":34}},"16":{"start":{"line":24,"column":4},"end":{"line":24,"column":53}},"17":{"start":{"line":25,"column":4},"end":{"line":25,"column":27}},"18":{"start":{"line":26,"column":4},"end":{"line":26,"column":22}},"19":{"start":{"line":27,"column":4},"end":{"line":27,"column":25}}},"fnMap":{"0":{"name":"(anonymous_0)","decl":{"start":{"line":2,"column":9},"end":{"line":2,"column":10}},"loc":{"start":{"line":2,"column":37},"end":{"line":14,"column":3}},"line":2},"1":{"name":"(anonymous_1)","decl":{"start":{"line":16,"column":10},"end":{"line":16,"column":11}},"loc":{"start":{"line":16,"column":16},"end":{"line":18,"column":3}},"line":16},"2":{"name":"(anonymous_2)","decl":{"start":{"line":20,"column":9},"end":{"line":20,"column":10}},"loc":{"start":{"line":20,"column":41},"end":{"line":28,"column":3}},"line":20}},"branchMap":{},"s":{"0":1,"1":1,"2":1,"3":1,"4":1,"5":1,"6":1,"7":1,"8":1,"9":1,"10":1,"11":0,"12":1,"13":0,"14":0,"15":0,"16":0,"17":0,"18":0,"19":0},"f":{"0":1,"1":0,"2":0},"b":{},"_coverageSchema":"43e27e138ebf9cfc5966b082cf9a028302ed4184","hash":"981ad890ad9e074f2f442e5e4e254721ad510e97"}
,"/home/runner/work/swipe-keyboard/swipe-keyboard/src/index.js": {"path":"/home/runner/work/swipe-keyboard/swipe-keyboard/src/index.js","statementMap":{"0":{"start":{"line":5,"column":9},"end":{"line":306,"column":3}},"1":{"start":{"line":6,"column":4},"end":{"line":305,"column":7}},"2":{"start":{"line":7,"column":6},"end":{"line":7,"column":29}},"3":{"start":{"line":9,"column":6},"end":{"line":18,"column":8}},"4":{"start":{"line":10,"column":8},"end":{"line":10,"column":51}},"5":{"start":{"line":11,"column":8},"end":{"line":11,"column":26}},"6":{"start":{"line":12,"column":8},"end":{"line":16,"column":10}},"7":{"start":{"line":17,"column":8},"end":{"line":17,"column":28}},"8":{"start":{"line":20,"column":6},"end":{"line":36,"column":8}},"9":{"start":{"line":21,"column":31},"end":{"line":21,"column":56}},"10":{"start":{"line":23,"column":8},"end":{"line":23,"column":78}},"11":{"start":{"line":24,"column":8},"end":{"line":24,"column":58}},"12":{"start":{"line":25,"column":8},"end":{"line":25,"column":59}},"13":{"start":{"line":26,"column":8},"end":{"line":26,"column":38}},"14":{"start":{"line":27,"column":8},"end":{"line":27,"column":39}},"15":{"start":{"line":28,"column":8},"end":{"line":28,"column":25}},"16":{"start":{"line":29,"column":8},"end":{"line":29,"column":25}},"17":{"start":{"line":30,"column":8},"end":{"line":30,"column":25}},"18":{"start":{"line":31,"column":8},"end":{"line":31,"column":25}},"19":{"start":{"line":32,"column":8},"end":{"line":32,"column":31}},"20":{"start":{"line":33,"column":8},"end":{"line":33,"column":35}},"21":{"start":{"line":34,"column":8},"end":{"line":34,"column":32}},"22":{"start":{"line":35,"column":8},"end":{"line":35,"column":37}},"23":{"start":{"line":38,"column":6},"end":{"line":79,"column":8}},"24":{"start":{"line":39,"column":8},"end":{"line":45,"column":10}},"25":{"start":{"line":42,"column":12},"end":{"line":42,"column":34}},"26":{"start":{"line":46,"column":8},"end":{"line":52,"column":10}},"27":{"start":{"line":49,"column":12},"end":{"line":49,"column":34}},"28":{"start":{"line":53,"column":8},"end":{"line":59,"column":10}},"29":{"start":{"line":56,"column":12},"end":{"line":56,"column":31}},"30":{"start":{"line":60,"column":8},"end":{"line":66,"column":10}},"31":{"start":{"line":63,"column":12},"end":{"line":63,"column":32}},"32":{"start":{"line":67,"column":8},"end":{"line":73,"column":10}},"33":{"start":{"line":70,"column":12},"end":{"line":70,"column":35}},"34":{"start":{"line":75,"column":8},"end":{"line":75,"column":75}},"35":{"start":{"line":76,"column":8},"end":{"line":76,"column":74}},"36":{"start":{"line":77,"column":8},"end":{"line":77,"column":73}},"37":{"start":{"line":78,"column":8},"end":{"line":78,"column":76}},"38":{"start":{"line":81,"column":6},"end":{"line":96,"column":8}},"39":{"start":{"line":82,"column":8},"end":{"line":82,"column":33}},"40":{"start":{"line":83,"column":8},"end":{"line":83,"column":37}},"41":{"start":{"line":84,"column":8},"end":{"line":84,"column":38}},"42":{"start":{"line":85,"column":8},"end":{"line":85,"column":40}},"43":{"start":{"line":86,"column":8},"end":{"line":86,"column":69}},"44":{"start":{"line":87,"column":8},"end":{"line":87,"column":70}},"45":{"start":{"line":89,"column":8},"end":{"line":89,"column":34}},"46":{"start":{"line":90,"column":8},"end":{"line":95,"column":16}},"47":{"start":{"line":91,"column":10},"end":{"line":93,"column":11}},"48":{"start":{"line":92,"column":12},"end":{"line":92,"column":40}},"49":{"start":{"line":94,"column":10},"end":{"line":94,"column":43}},"50":{"start":{"line":98,"column":6},"end":{"line":107,"column":8}},"51":{"start":{"line":99,"column":8},"end":{"line":99,"column":35}},"52":{"start":{"line":100,"column":8},"end":{"line":100,"column":34}},"53":{"start":{"line":101,"column":8},"end":{"line":101,"column":37}},"54":{"start":{"line":102,"column":8},"end":{"line":102,"column":38}},"55":{"start":{"line":103,"column":8},"end":{"line":103,"column":67}},"56":{"start":{"line":104,"column":8},"end":{"line":104,"column":72}},"57":{"start":{"line":105,"column":8},"end":{"line":105,"column":73}},"58":{"start":{"line":106,"column":8},"end":{"line":106,"column":72}},"59":{"start":{"line":109,"column":6},"end":{"line":116,"column":8}},"60":{"start":{"line":110,"column":8},"end":{"line":110,"column":34}},"61":{"start":{"line":111,"column":8},"end":{"line":111,"column":38}},"62":{"start":{"line":112,"column":8},"end":{"line":112,"column":37}},"63":{"start":{"line":113,"column":8},"end":{"line":113,"column":38}},"64":{"start":{"line":114,"column":8},"end":{"line":114,"column":70}},"65":{"start":{"line":115,"column":8},"end":{"line":115,"column":71}},"66":{"start":{"line":118,"column":6},"end":{"line":125,"column":8}},"67":{"start":{"line":119,"column":8},"end":{"line":119,"column":34}},"68":{"start":{"line":120,"column":8},"end":{"line":120,"column":37}},"69":{"start":{"line":121,"column":8},"end":{"line":121,"column":39}},"70":{"start":{"line":122,"column":8},"end":{"line":122,"column":68}},"71":{"start":{"line":123,"column":8},"end":{"line":123,"column":73}},"72":{"start":{"line":124,"column":8},"end":{"line":124,"column":72}},"73":{"start":{"line":127,"column":6},"end":{"line":149,"column":8}},"74":{"start":{"line":128,"column":8},"end":{"line":128,"column":35}},"75":{"start":{"line":130,"column":8},"end":{"line":146,"column":9}},"76":{"start":{"line":131,"column":10},"end":{"line":131,"column":44}},"77":{"start":{"line":132,"column":10},"end":{"line":132,"column":38}},"78":{"start":{"line":134,"column":10},"end":{"line":134,"column":42}},"79":{"start":{"line":135,"column":10},"end":{"line":140,"column":12}},"80":{"start":{"line":142,"column":10},"end":{"line":145,"column":33}},"81":{"start":{"line":143,"column":12},"end":{"line":143,"column":39}},"82":{"start":{"line":144,"column":12},"end":{"line":144,"column":40}},"83":{"start":{"line":148,"column":8},"end":{"line":148,"column":69}},"84":{"start":{"line":151,"column":6},"end":{"line":160,"column":8}},"85":{"start":{"line":152,"column":19},"end":{"line":152,"column":70}},"86":{"start":{"line":154,"column":8},"end":{"line":154,"column":36}},"87":{"start":{"line":155,"column":8},"end":{"line":155,"column":36}},"88":{"start":{"line":156,"column":8},"end":{"line":156,"column":45}},"89":{"start":{"line":157,"column":8},"end":{"line":157,"column":44}},"90":{"start":{"line":159,"column":8},"end":{"line":159,"column":36}},"91":{"start":{"line":162,"column":6},"end":{"line":198,"column":8}},"92":{"start":{"line":167,"column":8},"end":{"line":173,"column":9}},"93":{"start":{"line":168,"column":10},"end":{"line":172,"column":11}},"94":{"start":{"line":169,"column":12},"end":{"line":169,"column":31}},"95":{"start":{"line":171,"column":12},"end":{"line":171,"column":30}},"96":{"start":{"line":176,"column":8},"end":{"line":182,"column":9}},"97":{"start":{"line":177,"column":10},"end":{"line":181,"column":11}},"98":{"start":{"line":178,"column":12},"end":{"line":178,"column":30}},"99":{"start":{"line":180,"column":12},"end":{"line":180,"column":28}},"100":{"start":{"line":184,"column":8},"end":{"line":197,"column":9}},"101":{"start":{"line":185,"column":10},"end":{"line":185,"column":53}},"102":{"start":{"line":185,"column":24},"end":{"line":185,"column":53}},"103":{"start":{"line":187,"column":10},"end":{"line":187,"column":53}},"104":{"start":{"line":187,"column":24},"end":{"line":187,"column":53}},"105":{"start":{"line":189,"column":10},"end":{"line":196,"column":11}},"106":{"start":{"line":194,"column":12},"end":{"line":194,"column":40}},"107":{"start":{"line":195,"column":12},"end":{"line":195,"column":38}},"108":{"start":{"line":200,"column":6},"end":{"line":237,"column":8}},"109":{"start":{"line":201,"column":8},"end":{"line":201,"column":59}},"110":{"start":{"line":203,"column":22},"end":{"line":203,"column":69}},"111":{"start":{"line":205,"column":8},"end":{"line":236,"column":9}},"112":{"start":{"line":206,"column":22},"end":{"line":206,"column":56}},"113":{"start":{"line":208,"column":10},"end":{"line":233,"column":11}},"114":{"start":{"line":213,"column":12},"end":{"line":232,"column":13}},"115":{"start":{"line":219,"column":14},"end":{"line":222,"column":22}},"116":{"start":{"line":220,"column":16},"end":{"line":220,"column":34}},"117":{"start":{"line":221,"column":16},"end":{"line":221,"column":44}},"118":{"start":{"line":224,"column":14},"end":{"line":224,"column":58}},"119":{"start":{"line":225,"column":14},"end":{"line":225,"column":32}},"120":{"start":{"line":226,"column":14},"end":{"line":226,"column":40}},"121":{"start":{"line":228,"column":38},"end":{"line":231,"column":40}},"122":{"start":{"line":229,"column":16},"end":{"line":229,"column":48}},"123":{"start":{"line":230,"column":16},"end":{"line":230,"column":39}},"124":{"start":{"line":235,"column":10},"end":{"line":235,"column":62}},"125":{"start":{"line":239,"column":6},"end":{"line":249,"column":8}},"126":{"start":{"line":240,"column":8},"end":{"line":240,"column":55}},"127":{"start":{"line":242,"column":21},"end":{"line":242,"column":38}},"128":{"start":{"line":244,"column":8},"end":{"line":248,"column":9}},"129":{"start":{"line":245,"column":10},"end":{"line":245,"column":22}},"130":{"start":{"line":247,"column":10},"end":{"line":247,"column":23}},"131":{"start":{"line":251,"column":6},"end":{"line":260,"column":8}},"132":{"start":{"line":252,"column":19},"end":{"line":252,"column":24}},"133":{"start":{"line":253,"column":8},"end":{"line":259,"column":9}},"134":{"start":{"line":254,"column":10},"end":{"line":254,"column":21}},"135":{"start":{"line":255,"column":10},"end":{"line":255,"column":22}},"136":{"start":{"line":256,"column":10},"end":{"line":258,"column":20}},"137":{"start":{"line":257,"column":12},"end":{"line":257,"column":25}},"138":{"start":{"line":262,"column":6},"end":{"line":302,"column":8}},"139":{"start":{"line":263,"column":22},"end":{"line":263,"column":42}},"140":{"start":{"line":264,"column":18},"end":{"line":264,"column":28}},"141":{"start":{"line":265,"column":17},"end":{"line":265,"column":19}},"142":{"start":{"line":267,"column":8},"end":{"line":279,"column":9}},"143":{"start":{"line":269,"column":12},"end":{"line":269,"column":31}},"144":{"start":{"line":270,"column":12},"end":{"line":270,"column":18}},"145":{"start":{"line":272,"column":12},"end":{"line":272,"column":31}},"146":{"start":{"line":273,"column":12},"end":{"line":273,"column":18}},"147":{"start":{"line":275,"column":12},"end":{"line":275,"column":29}},"148":{"start":{"line":276,"column":12},"end":{"line":276,"column":18}},"149":{"start":{"line":278,"column":12},"end":{"line":278,"column":19}},"150":{"start":{"line":281,"column":29},"end":{"line":281,"column":63}},"151":{"start":{"line":282,"column":8},"end":{"line":298,"column":10}},"152":{"start":{"line":300,"column":8},"end":{"line":300,"column":66}},"153":{"start":{"line":301,"column":8},"end":{"line":301,"column":31}},"154":{"start":{"line":304,"column":6},"end":{"line":304,"column":20}}},"fnMap":{"0":{"name":"(anonymous_0)","decl":{"start":{"line":5,"column":9},"end":{"line":5,"column":10}},"loc":{"start":{"line":5,"column":21},"end":{"line":306,"column":3}},"line":5},"1":{"name":"(anonymous_1)","decl":{"start":{"line":6,"column":37},"end":{"line":6,"column":38}},"loc":{"start":{"line":6,"column":47},"end":{"line":305,"column":5}},"line":6},"2":{"name":"(anonymous_2)","decl":{"start":{"line":9,"column":20},"end":{"line":9,"column":21}},"loc":{"start":{"line":9,"column":26},"end":{"line":18,"column":7}},"line":9},"3":{"name":"(anonymous_3)","decl":{"start":{"line":20,"column":24},"end":{"line":20,"column":25}},"loc":{"start":{"line":20,"column":30},"end":{"line":36,"column":7}},"line":20},"4":{"name":"(anonymous_4)","decl":{"start":{"line":38,"column":26},"end":{"line":38,"column":27}},"loc":{"start":{"line":38,"column":32},"end":{"line":79,"column":7}},"line":38},"5":{"name":"(anonymous_5)","decl":{"start":{"line":41,"column":10},"end":{"line":41,"column":11}},"loc":{"start":{"line":41,"column":15},"end":{"line":43,"column":11}},"line":41},"6":{"name":"(anonymous_6)","decl":{"start":{"line":48,"column":10},"end":{"line":48,"column":11}},"loc":{"start":{"line":48,"column":15},"end":{"line":50,"column":11}},"line":48},"7":{"name":"(anonymous_7)","decl":{"start":{"line":55,"column":10},"end":{"line":55,"column":11}},"loc":{"start":{"line":55,"column":15},"end":{"line":57,"column":11}},"line":55},"8":{"name":"(anonymous_8)","decl":{"start":{"line":62,"column":10},"end":{"line":62,"column":11}},"loc":{"start":{"line":62,"column":15},"end":{"line":64,"column":11}},"line":62},"9":{"name":"(anonymous_9)","decl":{"start":{"line":69,"column":10},"end":{"line":69,"column":11}},"loc":{"start":{"line":69,"column":15},"end":{"line":71,"column":11}},"line":69},"10":{"name":"(anonymous_10)","decl":{"start":{"line":81,"column":27},"end":{"line":81,"column":28}},"loc":{"start":{"line":81,"column":32},"end":{"line":96,"column":7}},"line":81},"11":{"name":"(anonymous_11)","decl":{"start":{"line":90,"column":40},"end":{"line":90,"column":41}},"loc":{"start":{"line":90,"column":51},"end":{"line":95,"column":9}},"line":90},"12":{"name":"(anonymous_12)","decl":{"start":{"line":98,"column":25},"end":{"line":98,"column":26}},"loc":{"start":{"line":98,"column":31},"end":{"line":107,"column":7}},"line":98},"13":{"name":"(anonymous_13)","decl":{"start":{"line":109,"column":28},"end":{"line":109,"column":29}},"loc":{"start":{"line":109,"column":33},"end":{"line":116,"column":7}},"line":109},"14":{"name":"(anonymous_14)","decl":{"start":{"line":118,"column":26},"end":{"line":118,"column":27}},"loc":{"start":{"line":118,"column":32},"end":{"line":125,"column":7}},"line":118},"15":{"name":"(anonymous_15)","decl":{"start":{"line":127,"column":27},"end":{"line":127,"column":28}},"loc":{"start":{"line":127,"column":32},"end":{"line":149,"column":7}},"line":127},"16":{"name":"(anonymous_16)","decl":{"start":{"line":142,"column":43},"end":{"line":142,"column":44}},"loc":{"start":{"line":142,"column":49},"end":{"line":145,"column":11}},"line":142},"17":{"name":"(anonymous_17)","decl":{"start":{"line":151,"column":37},"end":{"line":151,"column":38}},"loc":{"start":{"line":151,"column":42},"end":{"line":160,"column":7}},"line":151},"18":{"name":"(anonymous_18)","decl":{"start":{"line":162,"column":33},"end":{"line":162,"column":34}},"loc":{"start":{"line":162,"column":38},"end":{"line":198,"column":7}},"line":162},"19":{"name":"(anonymous_19)","decl":{"start":{"line":200,"column":33},"end":{"line":200,"column":34}},"loc":{"start":{"line":200,"column":38},"end":{"line":237,"column":7}},"line":200},"20":{"name":"(anonymous_20)","decl":{"start":{"line":219,"column":57},"end":{"line":219,"column":58}},"loc":{"start":{"line":219,"column":63},"end":{"line":222,"column":15}},"line":219},"21":{"name":"(anonymous_21)","decl":{"start":{"line":228,"column":49},"end":{"line":228,"column":50}},"loc":{"start":{"line":228,"column":55},"end":{"line":231,"column":15}},"line":228},"22":{"name":"(anonymous_22)","decl":{"start":{"line":239,"column":32},"end":{"line":239,"column":33}},"loc":{"start":{"line":239,"column":55},"end":{"line":249,"column":7}},"line":239},"23":{"name":"(anonymous_23)","decl":{"start":{"line":251,"column":24},"end":{"line":251,"column":25}},"loc":{"start":{"line":251,"column":45},"end":{"line":260,"column":7}},"line":251},"24":{"name":"(anonymous_24)","decl":{"start":{"line":256,"column":21},"end":{"line":256,"column":22}},"loc":{"start":{"line":256,"column":32},"end":{"line":258,"column":11}},"line":256},"25":{"name":"(anonymous_25)","decl":{"start":{"line":262,"column":28},"end":{"line":262,"column":29}},"loc":{"start":{"line":262,"column":37},"end":{"line":302,"column":7}},"line":262}},"branchMap":{"0":{"loc":{"start":{"line":91,"column":10},"end":{"line":93,"column":11}},"type":"if","locations":[{"start":{"line":91,"column":10},"end":{"line":93,"column":11}},{"start":{"line":91,"column":10},"end":{"line":93,"column":11}}],"line":91},"1":{"loc":{"start":{"line":130,"column":8},"end":{"line":146,"column":9}},"type":"if","locations":[{"start":{"line":130,"column":8},"end":{"line":146,"column":9}},{"start":{"line":130,"column":8},"end":{"line":146,"column":9}}],"line":130},"2":{"loc":{"start":{"line":130,"column":12},"end":{"line":130,"column":59}},"type":"binary-expr","locations":[{"start":{"line":130,"column":12},"end":{"line":130,"column":33}},{"start":{"line":130,"column":37},"end":{"line":130,"column":59}}],"line":130},"3":{"loc":{"start":{"line":167,"column":8},"end":{"line":173,"column":9}},"type":"if","locations":[{"start":{"line":167,"column":8},"end":{"line":173,"column":9}},{"start":{"line":167,"column":8},"end":{"line":173,"column":9}}],"line":167},"4":{"loc":{"start":{"line":168,"column":10},"end":{"line":172,"column":11}},"type":"if","locations":[{"start":{"line":168,"column":10},"end":{"line":172,"column":11}},{"start":{"line":168,"column":10},"end":{"line":172,"column":11}}],"line":168},"5":{"loc":{"start":{"line":176,"column":8},"end":{"line":182,"column":9}},"type":"if","locations":[{"start":{"line":176,"column":8},"end":{"line":182,"column":9}},{"start":{"line":176,"column":8},"end":{"line":182,"column":9}}],"line":176},"6":{"loc":{"start":{"line":177,"column":10},"end":{"line":181,"column":11}},"type":"if","locations":[{"start":{"line":177,"column":10},"end":{"line":181,"column":11}},{"start":{"line":177,"column":10},"end":{"line":181,"column":11}}],"line":177},"7":{"loc":{"start":{"line":184,"column":8},"end":{"line":197,"column":9}},"type":"if","locations":[{"start":{"line":184,"column":8},"end":{"line":197,"column":9}},{"start":{"line":184,"column":8},"end":{"line":197,"column":9}}],"line":184},"8":{"loc":{"start":{"line":184,"column":12},"end":{"line":184,"column":76}},"type":"binary-expr","locations":[{"start":{"line":184,"column":12},"end":{"line":184,"column":42}},{"start":{"line":184,"column":46},"end":{"line":184,"column":76}}],"line":184},"9":{"loc":{"start":{"line":185,"column":10},"end":{"line":185,"column":53}},"type":"if","locations":[{"start":{"line":185,"column":10},"end":{"line":185,"column":53}},{"start":{"line":185,"column":10},"end":{"line":185,"column":53}}],"line":185},"10":{"loc":{"start":{"line":187,"column":10},"end":{"line":187,"column":53}},"type":"if","locations":[{"start":{"line":187,"column":10},"end":{"line":187,"column":53}},{"start":{"line":187,"column":10},"end":{"line":187,"column":53}}],"line":187},"11":{"loc":{"start":{"line":189,"column":10},"end":{"line":196,"column":11}},"type":"if","locations":[{"start":{"line":189,"column":10},"end":{"line":196,"column":11}},{"start":{"line":189,"column":10},"end":{"line":196,"column":11}}],"line":189},"12":{"loc":{"start":{"line":205,"column":8},"end":{"line":236,"column":9}},"type":"if","locations":[{"start":{"line":205,"column":8},"end":{"line":236,"column":9}},{"start":{"line":205,"column":8},"end":{"line":236,"column":9}}],"line":205},"13":{"loc":{"start":{"line":208,"column":10},"end":{"line":233,"column":11}},"type":"if","locations":[{"start":{"line":208,"column":10},"end":{"line":233,"column":11}},{"start":{"line":208,"column":10},"end":{"line":233,"column":11}}],"line":208},"14":{"loc":{"start":{"line":209,"column":12},"end":{"line":211,"column":27}},"type":"binary-expr","locations":[{"start":{"line":209,"column":12},"end":{"line":209,"column":17}},{"start":{"line":210,"column":13},"end":{"line":210,"column":40}},{"start":{"line":210,"column":44},"end":{"line":210,"column":62}},{"start":{"line":211,"column":12},"end":{"line":211,"column":27}}],"line":209},"15":{"loc":{"start":{"line":213,"column":12},"end":{"line":232,"column":13}},"type":"if","locations":[{"start":{"line":213,"column":12},"end":{"line":232,"column":13}},{"start":{"line":213,"column":12},"end":{"line":232,"column":13}}],"line":213},"16":{"loc":{"start":{"line":214,"column":14},"end":{"line":217,"column":36}},"type":"binary-expr","locations":[{"start":{"line":214,"column":14},"end":{"line":214,"column":32}},{"start":{"line":215,"column":16},"end":{"line":215,"column":36}},{"start":{"line":215,"column":40},"end":{"line":215,"column":60}},{"start":{"line":216,"column":16},"end":{"line":216,"column":34}},{"start":{"line":217,"column":16},"end":{"line":217,"column":35}}],"line":214},"17":{"loc":{"start":{"line":240,"column":20},"end":{"line":240,"column":54}},"type":"binary-expr","locations":[{"start":{"line":240,"column":20},"end":{"line":240,"column":29}},{"start":{"line":240,"column":33},"end":{"line":240,"column":54}}],"line":240},"18":{"loc":{"start":{"line":244,"column":8},"end":{"line":248,"column":9}},"type":"if","locations":[{"start":{"line":244,"column":8},"end":{"line":248,"column":9}},{"start":{"line":244,"column":8},"end":{"line":248,"column":9}}],"line":244},"19":{"loc":{"start":{"line":244,"column":12},"end":{"line":244,"column":46}},"type":"binary-expr","locations":[{"start":{"line":244,"column":12},"end":{"line":244,"column":30}},{"start":{"line":244,"column":34},"end":{"line":244,"column":46}}],"line":244},"20":{"loc":{"start":{"line":253,"column":8},"end":{"line":259,"column":9}},"type":"if","locations":[{"start":{"line":253,"column":8},"end":{"line":259,"column":9}},{"start":{"line":253,"column":8},"end":{"line":259,"column":9}}],"line":253},"21":{"loc":{"start":{"line":267,"column":8},"end":{"line":279,"column":9}},"type":"switch","locations":[{"start":{"line":268,"column":10},"end":{"line":270,"column":18}},{"start":{"line":271,"column":10},"end":{"line":273,"column":18}},{"start":{"line":274,"column":10},"end":{"line":276,"column":18}},{"start":{"line":277,"column":10},"end":{"line":278,"column":19}}],"line":267}},"s":{"0":1,"1":1,"2":1,"3":1,"4":1,"5":1,"6":1,"7":1,"8":1,"9":1,"10":1,"11":1,"12":1,"13":1,"14":1,"15":1,"16":1,"17":1,"18":1,"19":1,"20":1,"21":1,"22":1,"23":1,"24":1,"25":0,"26":1,"27":0,"28":1,"29":0,"30":1,"31":0,"32":1,"33":0,"34":1,"35":1,"36":1,"37":1,"38":1,"39":0,"40":0,"41":0,"42":0,"43":0,"44":0,"45":0,"46":0,"47":0,"48":0,"49":0,"50":1,"51":0,"52":0,"53":0,"54":0,"55":0,"56":0,"57":0,"58":0,"59":1,"60":0,"61":0,"62":0,"63":0,"64":0,"65":0,"66":1,"67":0,"68":0,"69":0,"70":0,"71":0,"72":0,"73":1,"74":0,"75":0,"76":0,"77":0,"78":0,"79":0,"80":0,"81":0,"82":0,"83":0,"84":1,"85":0,"86":0,"87":0,"88":0,"89":0,"90":0,"91":1,"92":0,"93":0,"94":0,"95":0,"96":0,"97":0,"98":0,"99":0,"100":0,"101":0,"102":0,"103":0,"104":0,"105":0,"106":0,"107":0,"108":1,"109":0,"110":0,"111":0,"112":0,"113":0,"114":0,"115":0,"116":0,"117":0,"118":0,"119":0,"120":0,"121":0,"122":0,"123":0,"124":0,"125":1,"126":0,"127":0,"128":0,"129":0,"130":0,"131":1,"132":0,"133":0,"134":0,"135":0,"136":0,"137":0,"138":1,"139":0,"140":0,"141":0,"142":0,"143":0,"144":0,"145":0,"146":0,"147":0,"148":0,"149":0,"150":0,"151":0,"152":0,"153":0,"154":1},"f":{"0":1,"1":1,"2":1,"3":1,"4":1,"5":0,"6":0,"7":0,"8":0,"9":0,"10":0,"11":0,"12":0,"13":0,"14":0,"15":0,"16":0,"17":0,"18":0,"19":0,"20":0,"21":0,"22":0,"23":0,"24":0,"25":0},"b":{"0":[0,0],"1":[0,0],"2":[0,0],"3":[0,0],"4":[0,0],"5":[0,0],"6":[0,0],"7":[0,0],"8":[0,0],"9":[0,0],"10":[0,0],"11":[0,0],"12":[0,0],"13":[0,0],"14":[0,0,0,0],"15":[0,0],"16":[0,0,0,0,0],"17":[0,0],"18":[0,0],"19":[0,0],"20":[0,0],"21":[0,0,0,0]},"_coverageSchema":"43e27e138ebf9cfc5966b082cf9a028302ed4184","hash":"05135a972122ba27428ad0b432c9a6f31f59d36f"}
}
